<?xml version="1.0" encoding="UTF-8"?>
<!-- Generated by org.testng.reporters.JUnitReportReporter -->
<testsuite skipped="0" hostname="SandeepGupta-PC" name="com.selenium.runner.Runner" tests="4" failures="0" timestamp="2021-06-02T16:56:02 IST" time="101.663" errors="0">
  <testcase name="runScenario" time="23.980" classname="com.selenium.runner.Runner"/>
  <system-out/>
  <testcase name="runScenario" time="23.422" classname="com.selenium.runner.Runner"/>
  <system-out/>
  <testcase name="runScenario" time="30.148" classname="com.selenium.runner.Runner"/>
  <system-out/>
  <testcase name="runScenario" time="24.113" classname="com.selenium.runner.Runner"/>
  <system-out/>
</testsuite> <!-- com.selenium.runner.Runner -->
